<?xml version="1.0" encoding="UTF-8" ?>
<testsuite tests="10" failures="0" name="zr.yach.ComplexNumberTest" time="0.078" errors="0" skipped="0">
  <properties>
[...]
</properties>
  <testcase classname="zr.yach.ComplexNumberTest" name="zr.yach.ComplexNumberTest.testComplexNumberToString" time="0.042"/>
  <testcase classname="zr.yach.ComplexNumberTest" name="zr.yach.ComplexNumberTest.testComplexNumberCreation" time="0"/>
  <testcase classname="zr.yach.ComplexNumberTest" name="zr.yach.ComplexNumberTest.testComplexNumberSubtract" time="0.009"/>
  <testcase classname="zr.yach.ComplexNumberTest" name="zr.yach.ComplexNumberTest.testComplexNumberMultiply" time="0.003"/>
  <testcase classname="zr.yach.ComplexNumberTest" name="zr.yach.ComplexNumberTest.testComplexNumberDivide" time="0.004"/>
  <testcase classname="zr.yach.ComplexNumberTest" name="zr.yach.ComplexNumberTest.testComplexNumberPow" time="0.019"/>
  <testcase classname="zr.yach.ComplexNumberTest" name="zr.yach.ComplexNumberTest.testComplexNumberAbs" time="0"/>
  <testcase classname="zr.yach.ComplexNumberTest" name="zr.yach.ComplexNumberTest.testComplexNumberArg" time="0"/>
  <testcase classname="zr.yach.ComplexNumberTest" name="zr.yach.ComplexNumberTest.testComplexNumberConjugate" time="0"/>
  <testcase classname="zr.yach.ComplexNumberTest" name="zr.yach.ComplexNumberTest.testComplexNumberAdd" time="0.001"/>
</testsuite>